[debug] [2025-04-24T07:05:14.424Z] ----------------------------------------------------------------------
[debug] [2025-04-24T07:05:14.426Z] Command:       C:\Program Files\nodejs\node.exe C:\Users\Administrator\Desktop\CEDT_year1_term2\Software_eng\GitAction2\GitHubActionPractice-\node_modules\firebase-tools\lib\bin\firebase.js init hosting
[debug] [2025-04-24T07:05:14.426Z] CLI Version:   14.2.1
[debug] [2025-04-24T07:05:14.426Z] Platform:      win32
[debug] [2025-04-24T07:05:14.426Z] Node Version:  v20.17.0
[debug] [2025-04-24T07:05:14.426Z] Time:          Thu Apr 24 2025 14:05:14 GMT+0700 (Indochina Time)
[debug] [2025-04-24T07:05:14.426Z] ----------------------------------------------------------------------
[debug] 
[debug] [2025-04-24T07:05:14.562Z] > command requires scopes: ["email","openid","https://www.googleapis.com/auth/cloudplatformprojects.readonly","https://www.googleapis.com/auth/firebase","https://www.googleapis.com/auth/cloud-platform"]
[debug] [2025-04-24T07:05:14.563Z] > authorizing via signed-in user (masterknightzaza@gmail.com)
[info] 
     ######## #### ########  ######## ########     ###     ######  ########
     ##        ##  ##     ## ##       ##     ##  ##   ##  ##       ##
     ######    ##  ########  ######   ########  #########  ######  ######
     ##        ##  ##    ##  ##       ##     ## ##     ##       ## ##
     ##       #### ##     ## ######## ########  ##     ##  ######  ########

You're about to initialize a Firebase project in this directory:

  C:\Users\Administrator\Desktop\CEDT_year1_term2\Software_eng\GitAction2\GitHubActionPractice-

Before we get started, keep in mind:

  * You are initializing within an existing Firebase project directory

[info] 
=== Project Setup
[info] 
[info] First, let's associate this project directory with a Firebase project.
[info] You can create multiple project aliases by running firebase use --add, 
[info] but for now we'll just set up a default project.
[info] 
[debug] [2025-04-24T07:05:16.667Z] Using project from CLI flag: fireship-lessons
[debug] [2025-04-24T07:05:16.667Z] Checked if tokens are valid: true, expires at: 1745481007052
[debug] [2025-04-24T07:05:16.668Z] Checked if tokens are valid: true, expires at: 1745481007052
[debug] [2025-04-24T07:05:16.669Z] >>> [apiv2][query] GET https://firebase.googleapis.com/v1beta1/projects/fireship-lessons [none]
[debug] [2025-04-24T07:05:17.132Z] <<< [apiv2][status] GET https://firebase.googleapis.com/v1beta1/projects/fireship-lessons 403
[debug] [2025-04-24T07:05:17.132Z] <<< [apiv2][body] GET https://firebase.googleapis.com/v1beta1/projects/fireship-lessons {"error":{"code":403,"message":"The caller does not have permission","status":"PERMISSION_DENIED"}}
[debug] [2025-04-24T07:05:17.133Z] Request to https://firebase.googleapis.com/v1beta1/projects/fireship-lessons had HTTP Error: 403, The caller does not have permission
[debug] [2025-04-24T07:05:17.245Z] FirebaseError: Request to https://firebase.googleapis.com/v1beta1/projects/fireship-lessons had HTTP Error: 403, The caller does not have permission
    at responseToError (C:\Users\Administrator\Desktop\CEDT_year1_term2\Software_eng\GitAction2\GitHubActionPractice-\node_modules\firebase-tools\lib\responseToError.js:52:12)
    at RetryOperation._fn (C:\Users\Administrator\Desktop\CEDT_year1_term2\Software_eng\GitAction2\GitHubActionPractice-\node_modules\firebase-tools\lib\apiv2.js:312:77)
    at process.processTicksAndRejections (node:internal/process/task_queues:95:5)
[error] 
[error] Error: Failed to get Firebase project fireship-lessons. Please make sure the project exists and your account has permission to access it.
